<?xml version="1.0" encoding="UTF-8"?><testsuite failures="1" name="cucumber.runtime.formatter.JUnitFormatter" skipped="0" tests="1" time="23.840416">
<testcase classname="F6333-Establish Operational Audit Functionality - June Release.feature" name="US20932-Ability to Filter Target Table data" time="23.840416">
<failure message="net.serenitybdd.core.exceptions.SerenityManagedException: Timed out after 4 seconds. Element not available&#10;Build info: version: '2.53.0', revision: '35ae25b1534ae328c771e0856c93e187490ca824', time: '2016-03-15 10:43:46'&#10;System info: host: 'dev-xd034', ip: '10.130.12.36', os.name: 'Windows 7', os.arch: 'amd64', os.version: '6.1', java.version: '1.8.0_25'&#10;Driver info: driver.version: RemoteWebDriver&#13;&#10;&#9;at net.thucydides.core.annotations.locators.SmartAjaxElementLocator.ajaxFindElement(SmartAjaxElementLocator.java:147)&#13;&#10;&#9;at net.thucydides.core.annotations.locators.SmartAjaxElementLocator.findElement(SmartAjaxElementLocator.java:102)&#13;&#10;&#9;at net.thucydides.core.annotations.locators.AbstractSingleItemHandler.invoke(AbstractSingleItemHandler.java:39)&#13;&#10;&#9;at com.sun.proxy.$Proxy26.getWrappedElement(Unknown Source)&#13;&#10;&#9;at org.openqa.selenium.remote.internal.WebElementToJsonConverter.apply(WebElementToJsonConverter.java:49)&#13;&#10;&#9;at com.google.common.collect.Iterators$8.transform(Iterators.java:799)&#13;&#10;&#9;at com.google.common.collect.TransformedIterator.next(TransformedIterator.java:48)&#13;&#10;&#9;at com.google.common.collect.Iterators.addAll(Iterators.java:362)&#13;&#10;&#9;at com.google.common.collect.Lists.newArrayList(Lists.java:160)&#13;&#10;&#9;at com.google.common.collect.Lists.newArrayList(Lists.java:144)&#13;&#10;&#9;at org.openqa.selenium.remote.RemoteWebDriver.executeScript(RemoteWebDriver.java:572)&#13;&#10;&#9;at net.thucydides.core.webdriver.WebDriverFacade.executeScript(WebDriverFacade.java:386)&#13;&#10;&#9;at project.utilities.SeleniumUtils.highlightElement(SeleniumUtils.java:181)&#13;&#10;&#9;at project.utilities.SeleniumUtils.Click_given_WebElement(SeleniumUtils.java:192)&#13;&#10;&#9;at project.pageobjects.HomePage.NavigateToCPTICDAdminLink(HomePage.java:164)&#13;&#10;&#9;at project.feature.steps.definitions.EstablishOperationalAuditFunctionalityStepDef.ClicksOnCPTICDAdminLink(EstablishOperationalAuditFunctionalityStepDef.java:42)&#13;&#10;&#9;at project.feature.steps.definitions.EstablishOperationalAuditFunctionalityStepDef$$EnhancerByCGLIB$$ca76943a.CGLIB$ClicksOnCPTICDAdminLink$0(&lt;generated&gt;)&#13;&#10;&#9;at project.feature.steps.definitions.EstablishOperationalAuditFunctionalityStepDef$$EnhancerByCGLIB$$ca76943a$$FastClassByCGLIB$$5438c11e.invoke(&lt;generated&gt;)&#13;&#10;&#9;at net.sf.cglib.proxy.MethodProxy.invokeSuper(MethodProxy.java:228)&#13;&#10;&#9;at net.thucydides.core.steps.StepInterceptor.invokeMethod(StepInterceptor.java:372)&#13;&#10;&#9;at net.thucydides.core.steps.StepInterceptor.executeTestStepMethod(StepInterceptor.java:357)&#13;&#10;&#9;at net.thucydides.core.steps.StepInterceptor.runTestStep(StepInterceptor.java:332)&#13;&#10;&#9;at net.thucydides.core.steps.StepInterceptor.testStepResult(StepInterceptor.java:134)&#13;&#10;&#9;at net.thucydides.core.steps.StepInterceptor.intercept(StepInterceptor.java:61)&#13;&#10;&#9;at project.feature.steps.definitions.EstablishOperationalAuditFunctionalityStepDef$$EnhancerByCGLIB$$ca76943a.ClicksOnCPTICDAdminLink(&lt;generated&gt;)&#13;&#10;&#9;at project.features.steps.EstablishOperationalAuditFunctionalitySteps.user_should_be_able_click_on_CPTICDLink_Admin_under_Adminstration_Section(EstablishOperationalAuditFunctionalitySteps.java:15)&#13;&#10;&#9;at ✽.And User should be able click on CPTICDLink-Admin under Adminstration Section(3.Regression/F6333-Establish Operational Audit Functionality - June Release.feature:35)&#13;&#10;"><![CDATA[When User logs with "iht_ittest05" as CPT ICD RA into JBPM Application......passed
And User should be able click on CPTICDLink-Admin under Adminstration Section.failed
And Screen will be opened in a new tab with title CPTICD Links- Admin.......skipped
And User clicks on the "TargetData" tab.....................................skipped
When User applies filter on all the columns in TargetData tab...............skipped
Then Logout of the Application..............................................skipped

StackTrace:
net.serenitybdd.core.exceptions.SerenityManagedException: Timed out after 4 seconds. Element not available
Build info: version: '2.53.0', revision: '35ae25b1534ae328c771e0856c93e187490ca824', time: '2016-03-15 10:43:46'
System info: host: 'dev-xd034', ip: '10.130.12.36', os.name: 'Windows 7', os.arch: 'amd64', os.version: '6.1', java.version: '1.8.0_25'
Driver info: driver.version: RemoteWebDriver
	at net.thucydides.core.annotations.locators.SmartAjaxElementLocator.ajaxFindElement(SmartAjaxElementLocator.java:147)
	at net.thucydides.core.annotations.locators.SmartAjaxElementLocator.findElement(SmartAjaxElementLocator.java:102)
	at net.thucydides.core.annotations.locators.AbstractSingleItemHandler.invoke(AbstractSingleItemHandler.java:39)
	at com.sun.proxy.$Proxy26.getWrappedElement(Unknown Source)
	at org.openqa.selenium.remote.internal.WebElementToJsonConverter.apply(WebElementToJsonConverter.java:49)
	at com.google.common.collect.Iterators$8.transform(Iterators.java:799)
	at com.google.common.collect.TransformedIterator.next(TransformedIterator.java:48)
	at com.google.common.collect.Iterators.addAll(Iterators.java:362)
	at com.google.common.collect.Lists.newArrayList(Lists.java:160)
	at com.google.common.collect.Lists.newArrayList(Lists.java:144)
	at org.openqa.selenium.remote.RemoteWebDriver.executeScript(RemoteWebDriver.java:572)
	at net.thucydides.core.webdriver.WebDriverFacade.executeScript(WebDriverFacade.java:386)
	at project.utilities.SeleniumUtils.highlightElement(SeleniumUtils.java:181)
	at project.utilities.SeleniumUtils.Click_given_WebElement(SeleniumUtils.java:192)
	at project.pageobjects.HomePage.NavigateToCPTICDAdminLink(HomePage.java:164)
	at project.feature.steps.definitions.EstablishOperationalAuditFunctionalityStepDef.ClicksOnCPTICDAdminLink(EstablishOperationalAuditFunctionalityStepDef.java:42)
	at project.feature.steps.definitions.EstablishOperationalAuditFunctionalityStepDef$$EnhancerByCGLIB$$ca76943a.CGLIB$ClicksOnCPTICDAdminLink$0(<generated>)
	at project.feature.steps.definitions.EstablishOperationalAuditFunctionalityStepDef$$EnhancerByCGLIB$$ca76943a$$FastClassByCGLIB$$5438c11e.invoke(<generated>)
	at net.sf.cglib.proxy.MethodProxy.invokeSuper(MethodProxy.java:228)
	at net.thucydides.core.steps.StepInterceptor.invokeMethod(StepInterceptor.java:372)
	at net.thucydides.core.steps.StepInterceptor.executeTestStepMethod(StepInterceptor.java:357)
	at net.thucydides.core.steps.StepInterceptor.runTestStep(StepInterceptor.java:332)
	at net.thucydides.core.steps.StepInterceptor.testStepResult(StepInterceptor.java:134)
	at net.thucydides.core.steps.StepInterceptor.intercept(StepInterceptor.java:61)
	at project.feature.steps.definitions.EstablishOperationalAuditFunctionalityStepDef$$EnhancerByCGLIB$$ca76943a.ClicksOnCPTICDAdminLink(<generated>)
	at project.features.steps.EstablishOperationalAuditFunctionalitySteps.user_should_be_able_click_on_CPTICDLink_Admin_under_Adminstration_Section(EstablishOperationalAuditFunctionalitySteps.java:15)
	at ✽.And User should be able click on CPTICDLink-Admin under Adminstration Section(3.Regression/F6333-Establish Operational Audit Functionality - June Release.feature:35)
]]></failure>
</testcase>
</testsuite>
