<acceptance-test-run title="US20932 - Ability to Sort Target table data for DOS To" name="US20932 - Ability to Sort Target table data for DOS To" description="" steps="2" successful="1" failures="0" errors="1" skipped="0" ignored="0" pending="0" annotated-result="ERROR" result="ERROR" duration="19630" timestamp="2019-05-09T18:21:31.989+05:30" session-id="4df6fa6369bf1dfe2af3cd101cc1ea99">
  <user-story id="f6333-establish-operational-audit-functionality---june-release.feature" name="F6333-Establish Operational Audit Functionality - June Release.feature" path="3.Regression/F6333-Establish Operational Audit Functionality - June Release.feature"/>
  <tags>
    <tag name="F6333-Establish Operational Audit Functionality - June Release.feature" type="feature"/>
    <tag name="Regression" type="tag"/>
    <tag name="US20932AbilitytoSortTargetTabledata" type="tag"/>
  </tags>
  <examples>
    <datasets>
      <dataset startRow="0" rowCount="0" name="" description=""/>
    </datasets>
    <headers>
      <header>User ID</header>
      <header>Column</header>
    </headers>
    <rows>
      <row result="ERROR">
        <value>iht_ittest05F</value>
        <value>DOS To</value>
      </row>
    </rows>
  </examples>
  <test-group name="[1] {User ID=iht_ittest05F, Column=DOS To}" result="ERROR">
    <test-group name="Given User logs with &quot;iht_ittest05F&quot; as CPT ICD RA into JBPM Application" result="SUCCESS">
      <test-step result="SUCCESS" duration="10890">
        <description>Login CPTICD link: iht_ittest05F</description>
      </test-step>
    </test-group>
    <test-group name="And Logout of the Application" result="ERROR">
      <test-step result="ERROR" duration="6319">
        <screenshots>
          <screenshot image="32828a59d4d2c0028a3c208acc5ec719.png" source="pagesource4838470280595147496.html.txt"/>
        </screenshots>
        <description>User logsout</description>
        <error>org.openqa.selenium.WebDriverException: unknown error: Element &lt;button class=&quot;x-btn-text &quot; type=&quot;button&quot; style=&quot;&quot; tabindex=&quot;0&quot;&gt;...&lt;/button&gt; is not clickable at point (1830, 22). Other element would receive the click: &lt;div id=&quot;x-auto-28&quot; class=&quot; x-modal x-component &quot; style=&quot;z-index: 1041; width: 1920px; height: 925px; position: absolute;&quot;&gt;&lt;/div&gt;
  (Session info: chrome=73.0.3683.86)
  (Driver info: chromedriver=73.0.3683.68 (47787ec04b6e38e22703e856e101e840b65afe72),platform=Windows NT 6.1.7601 SP1 x86_64) (WARNING: The server did not provide any stacktrace information)
Command duration or timeout: 70 milliseconds
Build info: version: &apos;2.53.0&apos;, revision: &apos;35ae25b1534ae328c771e0856c93e187490ca824&apos;, time: &apos;2016-03-15 10:43:46&apos;
System info: host: &apos;dev-xd034&apos;, ip: &apos;10.130.12.36&apos;, os.name: &apos;Windows 7&apos;, os.arch: &apos;amd64&apos;, os.version: &apos;6.1&apos;, java.version: &apos;1.8.0_25&apos;
Driver info: org.openqa.selenium.chrome.ChromeDriver
Capabilities [{mobileEmulationEnabled=false, timeouts={implicit=0, pageLoad=300000, script=30000}, hasTouchScreen=false, platform=XP, acceptSslCerts=false, goog:chromeOptions={debuggerAddress=localhost:62346}, acceptInsecureCerts=false, webStorageEnabled=true, browserName=chrome, takesScreenshot=true, javascriptEnabled=true, setWindowRect=true, unexpectedAlertBehaviour=ignore, applicationCacheEnabled=false, rotatable=false, networkConnectionEnabled=false, chrome={chromedriverVersion=73.0.3683.68 (47787ec04b6e38e22703e856e101e840b65afe72), userDataDir=C:\Users\RAVEEN~1.BET\AppData\Local\Temp\scoped_dir13480_27952}, takesHeapSnapshot=true, pageLoadStrategy=normal, strictFileInteractability=false, databaseEnabled=false, handlesAlerts=true, version=73.0.3683.86, browserConnectionEnabled=false, proxy={}, nativeEvents=true, locationContextEnabled=true, cssSelectorsEnabled=true}]
Session ID: 4df6fa6369bf1dfe2af3cd101cc1ea99</error>
        <exception>org.openqa.selenium.WebDriverException:unknown error: Element &lt;button class=&quot;x-btn-text &quot; type=&quot;button&quot; style=&quot;&quot; tabindex=&quot;0&quot;&gt;...&lt;/button&gt; is not clickable at point (1830, 22). Other element would receive the click: &lt;div id=&quot;x-auto-28&quot; class=&quot; x-modal x-component &quot; style=&quot;z-index: 1041; width: 1920px; height: 925px; position: absolute;&quot;&gt;&lt;/div&gt;
  (Session info: chrome=73.0.3683.86)
  (Driver info: chromedriver=73.0.3683.68 (47787ec04b6e38e22703e856e101e840b65afe72),platform=Windows NT 6.1.7601 SP1 x86_64) (WARNING: The server did not provide any stacktrace information)
Command duration or timeout: 70 milliseconds
Build info: version: &apos;2.53.0&apos;, revision: &apos;35ae25b1534ae328c771e0856c93e187490ca824&apos;, time: &apos;2016-03-15 10:43:46&apos;
System info: host: &apos;dev-xd034&apos;, ip: &apos;10.130.12.36&apos;, os.name: &apos;Windows 7&apos;, os.arch: &apos;amd64&apos;, os.version: &apos;6.1&apos;, java.version: &apos;1.8.0_25&apos;
Driver info: org.openqa.selenium.chrome.ChromeDriver
Capabilities [{mobileEmulationEnabled=false, timeouts={implicit=0, pageLoad=300000, script=30000}, hasTouchScreen=false, platform=XP, acceptSslCerts=false, goog:chromeOptions={debuggerAddress=localhost:62346}, acceptInsecureCerts=false, webStorageEnabled=true, browserName=chrome, takesScreenshot=true, javascriptEnabled=true, setWindowRect=true, unexpectedAlertBehaviour=ignore, applicationCacheEnabled=false, rotatable=false, networkConnectionEnabled=false, chrome={chromedriverVersion=73.0.3683.68 (47787ec04b6e38e22703e856e101e840b65afe72), userDataDir=C:\Users\RAVEEN~1.BET\AppData\Local\Temp\scoped_dir13480_27952}, takesHeapSnapshot=true, pageLoadStrategy=normal, strictFileInteractability=false, databaseEnabled=false, handlesAlerts=true, version=73.0.3683.86, browserConnectionEnabled=false, proxy={}, nativeEvents=true, locationContextEnabled=true, cssSelectorsEnabled=true}]
Session ID: 4df6fa6369bf1dfe2af3cd101cc1ea99&#xd;
[sun.reflect.NativeConstructorAccessorImpl.newInstance0(Native Method), sun.reflect.NativeConstructorAccessorImpl.newInstance(NativeConstructorAccessorImpl.java:62), sun.reflect.DelegatingConstructorAccessorImpl.newInstance(DelegatingConstructorAccessorImpl.java:45), java.lang.reflect.Constructor.newInstance(Constructor.java:408), org.openqa.selenium.remote.ErrorHandler.createThrowable(ErrorHandler.java:206), org.openqa.selenium.remote.ErrorHandler.throwIfResponseFailed(ErrorHandler.java:158), org.openqa.selenium.remote.RemoteWebDriver.execute(RemoteWebDriver.java:678), org.openqa.selenium.remote.RemoteWebElement.execute(RemoteWebElement.java:327), org.openqa.selenium.remote.RemoteWebElement.click(RemoteWebElement.java:85), net.serenitybdd.core.pages.WebElementFacadeImpl.click(WebElementFacadeImpl.java:988), project.utilities.SeleniumUtils.Click_given_WebElement(SeleniumUtils.java:198), project.pageobjects.LoginPage.signoutCPTICDLink(LoginPage.java:79), project.feature.steps.definitions.CreateProposalStepDef.userLogsout(CreateProposalStepDef.java:83), project.feature.steps.definitions.CreateProposalStepDef$$EnhancerByCGLIB$$e226b00d.CGLIB$userLogsout$1(&lt;generated&gt;), project.feature.steps.definitions.CreateProposalStepDef$$EnhancerByCGLIB$$e226b00d$$FastClassByCGLIB$$a85f2310.invoke(&lt;generated&gt;), net.sf.cglib.proxy.MethodProxy.invokeSuper(MethodProxy.java:228), net.thucydides.core.steps.StepInterceptor.invokeMethod(StepInterceptor.java:372), net.thucydides.core.steps.StepInterceptor.executeTestStepMethod(StepInterceptor.java:357), net.thucydides.core.steps.StepInterceptor.runTestStep(StepInterceptor.java:332), net.thucydides.core.steps.StepInterceptor.testStepResult(StepInterceptor.java:134), net.thucydides.core.steps.StepInterceptor.intercept(StepInterceptor.java:61), project.feature.steps.definitions.CreateProposalStepDef$$EnhancerByCGLIB$$e226b00d.userLogsout(&lt;generated&gt;), project.features.steps.CreateProposalSteps.logout_of_the_Application(CreateProposalSteps.java:46), sun.reflect.NativeMethodAccessorImpl.invoke0(Native Method), sun.reflect.NativeMethodAccessorImpl.invoke(NativeMethodAccessorImpl.java:62), sun.reflect.DelegatingMethodAccessorImpl.invoke(DelegatingMethodAccessorImpl.java:43), java.lang.reflect.Method.invoke(Method.java:483), cucumber.runtime.Utils$1.call(Utils.java:37), cucumber.runtime.Timeout.timeout(Timeout.java:13), cucumber.runtime.Utils.invoke(Utils.java:31), cucumber.runtime.java.JavaStepDefinition.execute(JavaStepDefinition.java:38), cucumber.runtime.StepDefinitionMatch.runStep(StepDefinitionMatch.java:37), cucumber.runtime.Runtime.runStep(Runtime.java:299), cucumber.runtime.model.StepContainer.runStep(StepContainer.java:44), cucumber.runtime.model.StepContainer.runSteps(StepContainer.java:39), cucumber.runtime.model.CucumberScenario.run(CucumberScenario.java:44), cucumber.runtime.junit.ExecutionUnitRunner.run(ExecutionUnitRunner.java:91), org.junit.runners.Suite.runChild(Suite.java:128), org.junit.runners.Suite.runChild(Suite.java:27), org.junit.runners.ParentRunner$3.run(ParentRunner.java:290), org.junit.runners.ParentRunner$1.schedule(ParentRunner.java:71), org.junit.runners.ParentRunner.runChildren(ParentRunner.java:288), org.junit.runners.ParentRunner.access$000(ParentRunner.java:58), org.junit.runners.ParentRunner$2.evaluate(ParentRunner.java:268), org.junit.runners.ParentRunner.run(ParentRunner.java:363), cucumber.runtime.junit.ExamplesRunner.run(ExamplesRunner.java:59), org.junit.runners.Suite.runChild(Suite.java:128), org.junit.runners.Suite.runChild(Suite.java:27), org.junit.runners.ParentRunner$3.run(ParentRunner.java:290), org.junit.runners.ParentRunner$1.schedule(ParentRunner.java:71), org.junit.runners.ParentRunner.runChildren(ParentRunner.java:288), org.junit.runners.ParentRunner.access$000(ParentRunner.java:58), org.junit.runners.ParentRunner$2.evaluate(ParentRunner.java:268), org.junit.runners.ParentRunner.run(ParentRunner.java:363), cucumber.runtime.junit.ScenarioOutlineRunner.run(ScenarioOutlineRunner.java:53), cucumber.runtime.junit.FeatureRunner.runChild(FeatureRunner.java:63), cucumber.runtime.junit.FeatureRunner.runChild(FeatureRunner.java:18), org.junit.runners.ParentRunner$3.run(ParentRunner.java:290), org.junit.runners.ParentRunner$1.schedule(ParentRunner.java:71), org.junit.runners.ParentRunner.runChildren(ParentRunner.java:288), org.junit.runners.ParentRunner.access$000(ParentRunner.java:58), org.junit.runners.ParentRunner$2.evaluate(ParentRunner.java:268), org.junit.runners.ParentRunner.run(ParentRunner.java:363), cucumber.runtime.junit.FeatureRunner.run(FeatureRunner.java:70), cucumber.api.junit.Cucumber.runChild(Cucumber.java:93), cucumber.api.junit.Cucumber.runChild(Cucumber.java:37), org.junit.runners.ParentRunner$3.run(ParentRunner.java:290), org.junit.runners.ParentRunner$1.schedule(ParentRunner.java:71), org.junit.runners.ParentRunner.runChildren(ParentRunner.java:288), org.junit.runners.ParentRunner.access$000(ParentRunner.java:58), org.junit.runners.ParentRunner$2.evaluate(ParentRunner.java:268), org.junit.internal.runners.statements.RunBefores.evaluate(RunBefores.java:26), org.junit.internal.runners.statements.RunAfters.evaluate(RunAfters.java:27), org.junit.runners.ParentRunner.run(ParentRunner.java:363), cucumber.api.junit.Cucumber.run(Cucumber.java:98), org.eclipse.jdt.internal.junit4.runner.JUnit4TestReference.run(JUnit4TestReference.java:86), org.eclipse.jdt.internal.junit.runner.TestExecution.run(TestExecution.java:38), org.eclipse.jdt.internal.junit.runner.RemoteTestRunner.runTests(RemoteTestRunner.java:459), org.eclipse.jdt.internal.junit.runner.RemoteTestRunner.runTests(RemoteTestRunner.java:675), org.eclipse.jdt.internal.junit.runner.RemoteTestRunner.run(RemoteTestRunner.java:382), org.eclipse.jdt.internal.junit.runner.RemoteTestRunner.main(RemoteTestRunner.java:192)]</exception>
      </test-step>
    </test-group>
  </test-group>
</acceptance-test-run>