<acceptance-test-run title="US20932-Ability to Sort Target table data for &quot;LCD/Article ID&quot;" name="US20932-Ability to Sort Target table data for &quot;LCD/Article ID&quot;" description="" steps="2" successful="1" failures="0" errors="1" skipped="0" ignored="0" pending="0" annotated-result="ERROR" result="ERROR" duration="27462" timestamp="2019-05-09T18:07:05.100+05:30" session-id="d03c073723057832d6da04da50b91b60">
  <user-story id="f6333-establish-operational-audit-functionality---june-release.feature" name="F6333-Establish Operational Audit Functionality - June Release.feature" path="3.Regression/F6333-Establish Operational Audit Functionality - June Release.feature"/>
  <tags>
    <tag name="F6333-Establish Operational Audit Functionality - June Release.feature" type="feature"/>
    <tag name="Regression" type="tag"/>
    <tag name="US20932AbilitytoSortTargetTabledata" type="tag"/>
  </tags>
  <examples>
    <datasets>
      <dataset startRow="0" rowCount="0" name="" description=""/>
    </datasets>
    <headers>
      <header>User ID</header>
      <header>Column</header>
    </headers>
    <rows>
      <row result="ERROR">
        <value>iht_ittest05F</value>
        <value>LCD/Article ID</value>
      </row>
    </rows>
  </examples>
  <test-group name="[1] {User ID=iht_ittest05F, Column=LCD/Article ID}" result="ERROR">
    <test-group name="Given User logs with &quot;iht_ittest05F&quot; as CPT ICD RA into JBPM Application" result="SUCCESS">
      <test-step result="SUCCESS" duration="16998">
        <description>Login CPTICD link: iht_ittest05F</description>
      </test-step>
    </test-group>
    <test-group name="And Logout of the Application" result="ERROR">
      <test-step result="ERROR" duration="8310">
        <screenshots>
          <screenshot image="bb11eda538a5f6b0345ebfdb03d75189.png" source="pagesource2288282947432624836.html.txt"/>
        </screenshots>
        <description>User logsout</description>
        <error>org.openqa.selenium.WebDriverException: unknown error: Element &lt;button class=&quot;x-btn-text &quot; type=&quot;button&quot; style=&quot;&quot; tabindex=&quot;0&quot;&gt;...&lt;/button&gt; is not clickable at point (1829, 22). Other element would receive the click: &lt;div id=&quot;x-auto-28&quot; class=&quot; x-modal x-component &quot; style=&quot;z-index: 1041; width: 1919px; height: 963px; position: absolute;&quot;&gt;&lt;/div&gt;
  (Session info: chrome=72.0.3626.81)
  (Driver info: chromedriver=2.45.615279 (12b89733300bd268cff3b78fc76cb8f3a7cc44e5),platform=Linux 3.10.0-957.1.3.el7.x86_64 x86_64) (WARNING: The server did not provide any stacktrace information)
Command duration or timeout: 202 milliseconds
Build info: version: &apos;2.53.0&apos;, revision: &apos;35ae25b1534ae328c771e0856c93e187490ca824&apos;, time: &apos;2016-03-15 10:43:46&apos;
System info: host: &apos;dev-xd034&apos;, ip: &apos;10.130.12.36&apos;, os.name: &apos;Windows 7&apos;, os.arch: &apos;amd64&apos;, os.version: &apos;6.1&apos;, java.version: &apos;1.8.0_25&apos;
Driver info: org.openqa.selenium.remote.RemoteWebDriver
Capabilities [{mobileEmulationEnabled=false, timeouts={implicit=0, pageLoad=300000, script=30000}, hasTouchScreen=false, platform=LINUX, acceptSslCerts=false, goog:chromeOptions={debuggerAddress=localhost:36438}, acceptInsecureCerts=false, webStorageEnabled=true, browserName=chrome, takesScreenshot=true, javascriptEnabled=true, setWindowRect=true, unexpectedAlertBehaviour=ignore, applicationCacheEnabled=false, rotatable=false, networkConnectionEnabled=false, chrome={chromedriverVersion=2.45.615279 (12b89733300bd268cff3b78fc76cb8f3a7cc44e5), userDataDir=/tmp/.org.chromium.Chromium.1k45h6}, takesHeapSnapshot=true, pageLoadStrategy=normal, strictFileInteractability=false, databaseEnabled=false, handlesAlerts=true, version=72.0.3626.81, browserConnectionEnabled=false, proxy={}, nativeEvents=true, locationContextEnabled=true, cssSelectorsEnabled=true}]
Session ID: d03c073723057832d6da04da50b91b60</error>
        <exception>org.openqa.selenium.WebDriverException:unknown error: Element &lt;button class=&quot;x-btn-text &quot; type=&quot;button&quot; style=&quot;&quot; tabindex=&quot;0&quot;&gt;...&lt;/button&gt; is not clickable at point (1829, 22). Other element would receive the click: &lt;div id=&quot;x-auto-28&quot; class=&quot; x-modal x-component &quot; style=&quot;z-index: 1041; width: 1919px; height: 963px; position: absolute;&quot;&gt;&lt;/div&gt;
  (Session info: chrome=72.0.3626.81)
  (Driver info: chromedriver=2.45.615279 (12b89733300bd268cff3b78fc76cb8f3a7cc44e5),platform=Linux 3.10.0-957.1.3.el7.x86_64 x86_64) (WARNING: The server did not provide any stacktrace information)
Command duration or timeout: 202 milliseconds
Build info: version: &apos;2.53.0&apos;, revision: &apos;35ae25b1534ae328c771e0856c93e187490ca824&apos;, time: &apos;2016-03-15 10:43:46&apos;
System info: host: &apos;dev-xd034&apos;, ip: &apos;10.130.12.36&apos;, os.name: &apos;Windows 7&apos;, os.arch: &apos;amd64&apos;, os.version: &apos;6.1&apos;, java.version: &apos;1.8.0_25&apos;
Driver info: org.openqa.selenium.remote.RemoteWebDriver
Capabilities [{mobileEmulationEnabled=false, timeouts={implicit=0, pageLoad=300000, script=30000}, hasTouchScreen=false, platform=LINUX, acceptSslCerts=false, goog:chromeOptions={debuggerAddress=localhost:36438}, acceptInsecureCerts=false, webStorageEnabled=true, browserName=chrome, takesScreenshot=true, javascriptEnabled=true, setWindowRect=true, unexpectedAlertBehaviour=ignore, applicationCacheEnabled=false, rotatable=false, networkConnectionEnabled=false, chrome={chromedriverVersion=2.45.615279 (12b89733300bd268cff3b78fc76cb8f3a7cc44e5), userDataDir=/tmp/.org.chromium.Chromium.1k45h6}, takesHeapSnapshot=true, pageLoadStrategy=normal, strictFileInteractability=false, databaseEnabled=false, handlesAlerts=true, version=72.0.3626.81, browserConnectionEnabled=false, proxy={}, nativeEvents=true, locationContextEnabled=true, cssSelectorsEnabled=true}]
Session ID: d03c073723057832d6da04da50b91b60&#xd;
[sun.reflect.NativeConstructorAccessorImpl.newInstance0(Native Method), sun.reflect.NativeConstructorAccessorImpl.newInstance(NativeConstructorAccessorImpl.java:62), sun.reflect.DelegatingConstructorAccessorImpl.newInstance(DelegatingConstructorAccessorImpl.java:45), java.lang.reflect.Constructor.newInstance(Constructor.java:408), org.openqa.selenium.remote.ErrorHandler.createThrowable(ErrorHandler.java:206), org.openqa.selenium.remote.ErrorHandler.throwIfResponseFailed(ErrorHandler.java:158), org.openqa.selenium.remote.RemoteWebDriver.execute(RemoteWebDriver.java:678), org.openqa.selenium.remote.RemoteWebElement.execute(RemoteWebElement.java:327), org.openqa.selenium.remote.RemoteWebElement.click(RemoteWebElement.java:85), net.serenitybdd.core.pages.WebElementFacadeImpl.click(WebElementFacadeImpl.java:988), project.utilities.SeleniumUtils.Click_given_WebElement(SeleniumUtils.java:198), project.pageobjects.LoginPage.signoutCPTICDLink(LoginPage.java:79), project.feature.steps.definitions.CreateProposalStepDef.userLogsout(CreateProposalStepDef.java:83), project.feature.steps.definitions.CreateProposalStepDef$$EnhancerByCGLIB$$ec1b6a6c.CGLIB$userLogsout$15(&lt;generated&gt;), project.feature.steps.definitions.CreateProposalStepDef$$EnhancerByCGLIB$$ec1b6a6c$$FastClassByCGLIB$$c9146464.invoke(&lt;generated&gt;), net.sf.cglib.proxy.MethodProxy.invokeSuper(MethodProxy.java:228), net.thucydides.core.steps.StepInterceptor.invokeMethod(StepInterceptor.java:372), net.thucydides.core.steps.StepInterceptor.executeTestStepMethod(StepInterceptor.java:357), net.thucydides.core.steps.StepInterceptor.runTestStep(StepInterceptor.java:332), net.thucydides.core.steps.StepInterceptor.testStepResult(StepInterceptor.java:134), net.thucydides.core.steps.StepInterceptor.intercept(StepInterceptor.java:61), project.feature.steps.definitions.CreateProposalStepDef$$EnhancerByCGLIB$$ec1b6a6c.userLogsout(&lt;generated&gt;), project.features.steps.CreateProposalSteps.logout_of_the_Application(CreateProposalSteps.java:46), sun.reflect.NativeMethodAccessorImpl.invoke0(Native Method), sun.reflect.NativeMethodAccessorImpl.invoke(NativeMethodAccessorImpl.java:62), sun.reflect.DelegatingMethodAccessorImpl.invoke(DelegatingMethodAccessorImpl.java:43), java.lang.reflect.Method.invoke(Method.java:483), cucumber.runtime.Utils$1.call(Utils.java:37), cucumber.runtime.Timeout.timeout(Timeout.java:13), cucumber.runtime.Utils.invoke(Utils.java:31), cucumber.runtime.java.JavaStepDefinition.execute(JavaStepDefinition.java:38), cucumber.runtime.StepDefinitionMatch.runStep(StepDefinitionMatch.java:37), cucumber.runtime.Runtime.runStep(Runtime.java:299), cucumber.runtime.model.StepContainer.runStep(StepContainer.java:44), cucumber.runtime.model.StepContainer.runSteps(StepContainer.java:39), cucumber.runtime.model.CucumberScenario.run(CucumberScenario.java:44), cucumber.runtime.junit.ExecutionUnitRunner.run(ExecutionUnitRunner.java:91), org.junit.runners.Suite.runChild(Suite.java:128), org.junit.runners.Suite.runChild(Suite.java:27), org.junit.runners.ParentRunner$3.run(ParentRunner.java:290), org.junit.runners.ParentRunner$1.schedule(ParentRunner.java:71), org.junit.runners.ParentRunner.runChildren(ParentRunner.java:288), org.junit.runners.ParentRunner.access$000(ParentRunner.java:58), org.junit.runners.ParentRunner$2.evaluate(ParentRunner.java:268), org.junit.runners.ParentRunner.run(ParentRunner.java:363), cucumber.runtime.junit.ExamplesRunner.run(ExamplesRunner.java:59), org.junit.runners.Suite.runChild(Suite.java:128), org.junit.runners.Suite.runChild(Suite.java:27), org.junit.runners.ParentRunner$3.run(ParentRunner.java:290), org.junit.runners.ParentRunner$1.schedule(ParentRunner.java:71), org.junit.runners.ParentRunner.runChildren(ParentRunner.java:288), org.junit.runners.ParentRunner.access$000(ParentRunner.java:58), org.junit.runners.ParentRunner$2.evaluate(ParentRunner.java:268), org.junit.runners.ParentRunner.run(ParentRunner.java:363), cucumber.runtime.junit.ScenarioOutlineRunner.run(ScenarioOutlineRunner.java:53), cucumber.runtime.junit.FeatureRunner.runChild(FeatureRunner.java:63), cucumber.runtime.junit.FeatureRunner.runChild(FeatureRunner.java:18), org.junit.runners.ParentRunner$3.run(ParentRunner.java:290), org.junit.runners.ParentRunner$1.schedule(ParentRunner.java:71), org.junit.runners.ParentRunner.runChildren(ParentRunner.java:288), org.junit.runners.ParentRunner.access$000(ParentRunner.java:58), org.junit.runners.ParentRunner$2.evaluate(ParentRunner.java:268), org.junit.runners.ParentRunner.run(ParentRunner.java:363), cucumber.runtime.junit.FeatureRunner.run(FeatureRunner.java:70), cucumber.api.junit.Cucumber.runChild(Cucumber.java:93), cucumber.api.junit.Cucumber.runChild(Cucumber.java:37), org.junit.runners.ParentRunner$3.run(ParentRunner.java:290), org.junit.runners.ParentRunner$1.schedule(ParentRunner.java:71), org.junit.runners.ParentRunner.runChildren(ParentRunner.java:288), org.junit.runners.ParentRunner.access$000(ParentRunner.java:58), org.junit.runners.ParentRunner$2.evaluate(ParentRunner.java:268), org.junit.internal.runners.statements.RunBefores.evaluate(RunBefores.java:26), org.junit.internal.runners.statements.RunAfters.evaluate(RunAfters.java:27), org.junit.runners.ParentRunner.run(ParentRunner.java:363), cucumber.api.junit.Cucumber.run(Cucumber.java:98), org.apache.maven.surefire.junit4.JUnit4Provider.execute(JUnit4Provider.java:283), org.apache.maven.surefire.junit4.JUnit4Provider.executeWithRerun(JUnit4Provider.java:173), org.apache.maven.surefire.junit4.JUnit4Provider.executeTestSet(JUnit4Provider.java:153), org.apache.maven.surefire.junit4.JUnit4Provider.invoke(JUnit4Provider.java:128), org.apache.maven.surefire.booter.ForkedBooter.invokeProviderInSameClassLoader(ForkedBooter.java:203), org.apache.maven.surefire.booter.ForkedBooter.runSuitesInProcess(ForkedBooter.java:155), org.apache.maven.surefire.booter.ForkedBooter.main(ForkedBooter.java:103)]</exception>
      </test-step>
    </test-group>
  </test-group>
</acceptance-test-run>